app/build/intermediates/manifest_merge_blame_file/debug/manifest-merger-blame-debug-report.txt
1<?xml version="1.0" encoding="utf-8"?>
2<manifest xmlns:android="http://schemas.android.com/apk/res/android"
3    package="com.flippermobile"
4    android:versionCode="1"
5    android:versionName="1.0" >
6
7    <uses-sdk
8        android:minSdkVersion="26"
8-->src/main/AndroidManifest.xml
9        android:targetSdkVersion="33" />
9-->src/main/AndroidManifest.xml
10
11    <uses-permission android:name="android.permission.NFC" />
11-->src/main/AndroidManifest.xml:3:5-62
11-->src/main/AndroidManifest.xml:3:22-59
12    <uses-permission android:name="android.permission.ACCESS_WIFI_STATE" />
12-->src/main/AndroidManifest.xml:4:5-76
12-->src/main/AndroidManifest.xml:4:22-73
13    <uses-permission android:name="android.permission.CHANGE_WIFI_STATE" />
13-->src/main/AndroidManifest.xml:5:5-76
13-->src/main/AndroidManifest.xml:5:22-73
14    <uses-permission android:name="android.permission.ACCESS_FINE_LOCATION" />
14-->src/main/AndroidManifest.xml:6:5-79
14-->src/main/AndroidManifest.xml:6:22-76
15    <uses-permission
15-->src/main/AndroidManifest.xml:7:5-120
16        android:name="android.permission.BLUETOOTH_SCAN"
16-->src/main/AndroidManifest.xml:7:22-70
17        android:usesPermissionFlags="neverForLocation" />
17-->src/main/AndroidManifest.xml:7:71-117
18    <uses-permission android:name="android.permission.BLUETOOTH_CONNECT" />
18-->src/main/AndroidManifest.xml:8:5-76
18-->src/main/AndroidManifest.xml:8:22-73
19
20    <permission
20-->[androidx.core:core:1.9.0] AndroidManifest.xml:22:5-24:47
21        android:name="com.flippermobile.DYNAMIC_RECEIVER_NOT_EXPORTED_PERMISSION"
21-->[androidx.core:core:1.9.0] AndroidManifest.xml:23:9-81
22        android:protectionLevel="signature" />
22-->[androidx.core:core:1.9.0] AndroidManifest.xml:24:9-44
23
24    <uses-permission android:name="com.flippermobile.DYNAMIC_RECEIVER_NOT_EXPORTED_PERMISSION" />
24-->[androidx.core:core:1.9.0] AndroidManifest.xml:26:5-97
24-->[androidx.core:core:1.9.0] AndroidManifest.xml:26:22-94
25
26    <application
26-->src/main/AndroidManifest.xml:9:5-26:19
27        android:allowBackup="true"
27-->src/main/AndroidManifest.xml:10:9-35
28        android:appComponentFactory="androidx.core.app.CoreComponentFactory"
28-->[androidx.core:core:1.9.0] AndroidManifest.xml:28:18-86
29        android:debuggable="true"
30        android:extractNativeLibs="false"
31        android:label="FlipperMobile"
31-->src/main/AndroidManifest.xml:11:9-38
32        android:theme="@style/Theme.FlipperMobile" >
32-->src/main/AndroidManifest.xml:12:9-51
33        <activity
33-->src/main/AndroidManifest.xml:13:9-25:20
34            android:name="com.flippermobile.MainActivity"
34-->src/main/AndroidManifest.xml:14:13-41
35            android:exported="true"
35-->src/main/AndroidManifest.xml:15:13-36
36            android:launchMode="singleTop" >
36-->src/main/AndroidManifest.xml:16:13-43
37            <intent-filter>
37-->src/main/AndroidManifest.xml:17:13-20:29
38                <action android:name="android.intent.action.MAIN" />
38-->src/main/AndroidManifest.xml:18:17-69
38-->src/main/AndroidManifest.xml:18:25-66
39
40                <category android:name="android.intent.category.LAUNCHER" />
40-->src/main/AndroidManifest.xml:19:17-77
40-->src/main/AndroidManifest.xml:19:27-74
41            </intent-filter>
42            <intent-filter>
42-->src/main/AndroidManifest.xml:21:13-24:29
43                <action android:name="android.nfc.action.TAG_DISCOVERED" />
43-->src/main/AndroidManifest.xml:22:17-76
43-->src/main/AndroidManifest.xml:22:25-73
44
45                <category android:name="android.intent.category.DEFAULT" />
45-->src/main/AndroidManifest.xml:23:17-76
45-->src/main/AndroidManifest.xml:23:27-73
46            </intent-filter>
47        </activity>
48
49        <provider
49-->[androidx.emoji2:emoji2:1.2.0] AndroidManifest.xml:24:9-32:20
50            android:name="androidx.startup.InitializationProvider"
50-->[androidx.emoji2:emoji2:1.2.0] AndroidManifest.xml:25:13-67
51            android:authorities="com.flippermobile.androidx-startup"
51-->[androidx.emoji2:emoji2:1.2.0] AndroidManifest.xml:26:13-68
52            android:exported="false" >
52-->[androidx.emoji2:emoji2:1.2.0] AndroidManifest.xml:27:13-37
53            <meta-data
53-->[androidx.emoji2:emoji2:1.2.0] AndroidManifest.xml:29:13-31:52
54                android:name="androidx.emoji2.text.EmojiCompatInitializer"
54-->[androidx.emoji2:emoji2:1.2.0] AndroidManifest.xml:30:17-75
55                android:value="androidx.startup" />
55-->[androidx.emoji2:emoji2:1.2.0] AndroidManifest.xml:31:17-49
56            <meta-data
56-->[androidx.lifecycle:lifecycle-process:2.4.1] AndroidManifest.xml:31:13-33:52
57                android:name="androidx.lifecycle.ProcessLifecycleInitializer"
57-->[androidx.lifecycle:lifecycle-process:2.4.1] AndroidManifest.xml:32:17-78
58                android:value="androidx.startup" />
58-->[androidx.lifecycle:lifecycle-process:2.4.1] AndroidManifest.xml:33:17-49
59        </provider>
60    </application>
61
62</manifest>